# JRE version: Java(TM) SE Runtime Environment (20.0.2+9) (build 20.0.2+9-78)
# Java VM: Java HotSpot(TM) 64-Bit Server VM (20.0.2+9-78, mixed mode, sharing, tiered, compressed oops, compressed class ptrs, g1 gc, windows-amd64)
GC Precious Log:
 CardTable entry size: 512
 Card Set container configuration: InlinePtr #cards 4 size 8 Array Of Cards #cards 32 size 80 Howl #buckets 8 coarsen threshold 7372 Howl Bitmap #cards 1024 size 144 coarsen threshold 921 Card regions per heap region 1 cards per card region 8192
 CPUs: 8 total, 8 available
 Memory: 7886M
 Large Page Support: Disabled
 NUMA Support: Disabled
 Compressed Oops: Enabled (Zero based)
 Heap Region Size: 4M
 Heap Min Capacity: 8M
 Heap Initial Capacity: 124M
 Heap Max Capacity: 8G
 Pre-touch: Disabled
 Parallel Workers: 8
 Concurrent Workers: 2
 Concurrent Refinement Workers: 8
 Periodic GC: Disabled
Heap:
 garbage-first heap   total 417792K, used 376237K [0x0000000600000000, 0x0000000800000000)
  region size 4096K, 43 young (176128K), 6 survivors (24576K)
 Metaspace       used 179654K, committed 182784K, reserved 1245184K
  class space    used 23661K, committed 25216K, reserved 1048576K
GC Heap History (20 events):
Event: 28.548 GC heap after
{Heap after GC invocations=37 (full 0):
 garbage-first heap   total 262144K, used 138076K [0x0000000600000000, 0x0000000800000000)
  region size 4096K, 2 young (8192K), 2 survivors (8192K)
 Metaspace       used 111535K, committed 114048K, reserved 1179648K
  class space    used 15668K, committed 16896K, reserved 1048576K
}
Event: 29.495 GC heap before
{Heap before GC invocations=37 (full 0):
 garbage-first heap   total 262144K, used 232284K [0x0000000600000000, 0x0000000800000000)
  region size 4096K, 23 young (94208K), 2 survivors (8192K)
 Metaspace       used 119729K, committed 122176K, reserved 1179648K
  class space    used 16515K, committed 17728K, reserved 1048576K
}
Event: 29.505 GC heap after
{Heap after GC invocations=38 (full 0):
 garbage-first heap   total 262144K, used 155969K [0x0000000600000000, 0x0000000800000000)
  region size 4096K, 2 young (8192K), 2 survivors (8192K)
 Metaspace       used 119729K, committed 122176K, reserved 1179648K
  class space    used 16515K, committed 17728K, reserved 1048576K
}
Event: 30.214 GC heap before
{Heap before GC invocations=38 (full 0):
 garbage-first heap   total 262144K, used 225601K [0x0000000600000000, 0x0000000800000000)
  region size 4096K, 19 young (77824K), 2 survivors (8192K)
 Metaspace       used 127515K, committed 130304K, reserved 1179648K
  class space    used 17429K, committed 18816K, reserved 1048576K
}
Event: 30.222 GC heap after
{Heap after GC invocations=39 (full 0):
 garbage-first heap   total 262144K, used 161099K [0x0000000600000000, 0x0000000800000000)
  region size 4096K, 2 young (8192K), 2 survivors (8192K)
 Metaspace       used 127515K, committed 130304K, reserved 1179648K
  class space    used 17429K, committed 18816K, reserved 1048576K
}
Event: 30.965 GC heap before
{Heap before GC invocations=39 (full 0):
 garbage-first heap   total 262144K, used 226635K [0x0000000600000000, 0x0000000800000000)
  region size 4096K, 19 young (77824K), 2 survivors (8192K)
 Metaspace       used 133095K, committed 135936K, reserved 1179648K
  class space    used 18107K, committed 19520K, reserved 1048576K
}
Event: 30.971 GC heap after
{Heap after GC invocations=40 (full 0):
 garbage-first heap   total 262144K, used 165072K [0x0000000600000000, 0x0000000800000000)
  region size 4096K, 3 young (12288K), 3 survivors (12288K)
 Metaspace       used 133095K, committed 135936K, reserved 1179648K
  class space    used 18107K, committed 19520K, reserved 1048576K
}
Event: 31.662 GC heap before
{Heap before GC invocations=41 (full 0):
 garbage-first heap   total 315392K, used 222416K [0x0000000600000000, 0x0000000800000000)
  region size 4096K, 17 young (69632K), 3 survivors (12288K)
 Metaspace       used 133238K, committed 136064K, reserved 1179648K
  class space    used 18107K, committed 19520K, reserved 1048576K
}
Event: 31.673 GC heap after
{Heap after GC invocations=42 (full 0):
 garbage-first heap   total 315392K, used 170025K [0x0000000600000000, 0x0000000800000000)
  region size 4096K, 3 young (12288K), 3 survivors (12288K)
 Metaspace       used 133238K, committed 136064K, reserved 1179648K
  class space    used 18107K, committed 19520K, reserved 1048576K
}
Event: 33.218 GC heap before
{Heap before GC invocations=42 (full 0):
 garbage-first heap   total 315392K, used 272425K [0x0000000600000000, 0x0000000800000000)
  region size 4096K, 28 young (114688K), 3 survivors (12288K)
 Metaspace       used 143485K, committed 146304K, reserved 1179648K
  class space    used 19214K, committed 20608K, reserved 1048576K
}
Event: 33.230 GC heap after
{Heap after GC invocations=43 (full 0):
 garbage-first heap   total 401408K, used 178019K [0x0000000600000000, 0x0000000800000000)
  region size 4096K, 4 young (16384K), 4 survivors (16384K)
 Metaspace       used 143485K, committed 146304K, reserved 1179648K
  class space    used 19214K, committed 20608K, reserved 1048576K
}
Event: 35.320 GC heap before
{Heap before GC invocations=43 (full 0):
 garbage-first heap   total 401408K, used 329571K [0x0000000600000000, 0x0000000800000000)
  region size 4096K, 42 young (172032K), 4 survivors (16384K)
 Metaspace       used 160800K, committed 163712K, reserved 1245184K
  class space    used 21116K, committed 22592K, reserved 1048576K
}
Event: 35.331 GC heap after
{Heap after GC invocations=44 (full 0):
 garbage-first heap   total 401408K, used 180875K [0x0000000600000000, 0x0000000800000000)
  region size 4096K, 5 young (20480K), 5 survivors (20480K)
 Metaspace       used 160800K, committed 163712K, reserved 1245184K
  class space    used 21116K, committed 22592K, reserved 1048576K
}
Event: 37.729 GC heap before
{Heap before GC invocations=44 (full 0):
 garbage-first heap   total 401408K, used 348811K [0x0000000600000000, 0x0000000800000000)
  region size 4096K, 46 young (188416K), 5 survivors (20480K)
 Metaspace       used 169728K, committed 172736K, reserved 1245184K
  class space    used 22380K, committed 23872K, reserved 1048576K
}
Event: 37.745 GC heap after
{Heap after GC invocations=45 (full 0):
 garbage-first heap   total 401408K, used 181376K [0x0000000600000000, 0x0000000800000000)
  region size 4096K, 6 young (24576K), 6 survivors (24576K)
 Metaspace       used 169728K, committed 172736K, reserved 1245184K
  class space    used 22380K, committed 23872K, reserved 1048576K
}
Event: 39.982 GC heap before
{Heap before GC invocations=45 (full 0):
 garbage-first heap   total 401408K, used 345216K [0x0000000600000000, 0x0000000800000000)
  region size 4096K, 46 young (188416K), 6 survivors (24576K)
 Metaspace       used 178436K, committed 181504K, reserved 1245184K
  class space    used 23536K, committed 25088K, reserved 1048576K
}
Event: 40.003 GC heap after
{Heap after GC invocations=46 (full 0):
 garbage-first heap   total 401408K, used 193443K [0x0000000600000000, 0x0000000800000000)
  region size 4096K, 6 young (24576K), 6 survivors (24576K)
 Metaspace       used 178436K, committed 181504K, reserved 1245184K
  class space    used 23536K, committed 25088K, reserved 1048576K
}
Event: 42.984 GC heap before
{Heap before GC invocations=46 (full 0):
 garbage-first heap   total 401408K, used 349091K [0x0000000600000000, 0x0000000800000000)
  region size 4096K, 44 young (180224K), 6 survivors (24576K)
 Metaspace       used 179460K, committed 182528K, reserved 1245184K
  class space    used 23660K, committed 25216K, reserved 1048576K
}
Event: 43.010 GC heap after
{Heap after GC invocations=47 (full 0):
 garbage-first heap   total 401408K, used 200109K [0x0000000600000000, 0x0000000800000000)
  region size 4096K, 5 young (20480K), 5 survivors (20480K)
 Metaspace       used 179460K, committed 182528K, reserved 1245184K
  class space    used 23660K, committed 25216K, reserved 1048576K
}
Event: 45.569 GC heap before
{Heap before GC invocations=48 (full 0):
 garbage-first heap   total 401408K, used 376237K [0x0000000600000000, 0x0000000800000000)
  region size 4096K, 42 young (172032K), 5 survivors (20480K)
 Metaspace       used 179654K, committed 182784K, reserved 1245184K
  class space    used 23661K, committed 25216K, reserved 1048576K
}

