# JRE version: OpenJDK Runtime Environment Temurin-21.0.9+10 (21.0.9+10) (build 21.0.9+10-LTS)
# Java VM: OpenJDK 64-Bit Server VM Temurin-21.0.9+10 (21.0.9+10-LTS, mixed mode, sharing, tiered, compressed oops, compressed class ptrs, parallel gc, windows-amd64)
GC Precious Log:
 CardTable entry size: 512
 CPUs: 8 total, 8 available
 Memory: 7886M
 Large Page Support: Disabled
 NUMA Support: Disabled
 Compressed Oops: Enabled (32-bit)
 Alignments: Space 512K, Generation 512K, Heap 2M
 Heap Min Capacity: 100M
 Heap Initial Capacity: 100M
 Heap Max Capacity: 2G
 Pre-touch: Disabled
 Parallel Workers: 8
Heap:
 PSYoungGen      total 15872K, used 4388K [0x00000000d5580000, 0x00000000d6800000, 0x0000000100000000)
  eden space 14336K, 30% used [0x00000000d5580000,0x00000000d59c9368,0x00000000d6380000)
  from space 1536K, 0% used [0x00000000d6580000,0x00000000d6580000,0x00000000d6700000)
  to   space 1024K, 0% used [0x00000000d6700000,0x00000000d6700000,0x00000000d6800000)
 ParOldGen       total 68608K, used 40658K [0x0000000080000000, 0x0000000084300000, 0x00000000d5580000)
  object space 68608K, 59% used [0x0000000080000000,0x00000000827b4a08,0x0000000084300000)
 Metaspace       used 59012K, committed 60352K, reserved 1114112K
  class space    used 6982K, committed 7552K, reserved 1048576K
GC Heap History (20 events):
Event: 13.337 GC heap before
{Heap before GC invocations=27 (full 2):
 PSYoungGen      total 15360K, used 14872K [0x00000000d5580000, 0x00000000d6a80000, 0x0000000100000000)
  eden space 14336K, 99% used [0x00000000d5580000,0x00000000d637e208,0x00000000d6380000)
  from space 1024K, 53% used [0x00000000d6980000,0x00000000d6a08000,0x00000000d6a80000)
  to   space 1024K, 0% used [0x00000000d6880000,0x00000000d6880000,0x00000000d6980000)
 ParOldGen       total 68608K, used 33709K [0x0000000080000000, 0x0000000084300000, 0x00000000d5580000)
  object space 68608K, 49% used [0x0000000080000000,0x00000000820eb400,0x0000000084300000)
 Metaspace       used 50280K, committed 51392K, reserved 1114112K
  class space    used 5756K, committed 6272K, reserved 1048576K
}
Event: 13.339 GC heap after
{Heap after GC invocations=27 (full 2):
 PSYoungGen      total 15360K, used 1011K [0x00000000d5580000, 0x00000000d6a00000, 0x0000000100000000)
  eden space 14336K, 0% used [0x00000000d5580000,0x00000000d5580000,0x00000000d6380000)
  from space 1024K, 98% used [0x00000000d6880000,0x00000000d697cea0,0x00000000d6980000)
  to   space 512K, 0% used [0x00000000d6980000,0x00000000d6980000,0x00000000d6a00000)
 ParOldGen       total 68608K, used 35350K [0x0000000080000000, 0x0000000084300000, 0x00000000d5580000)
  object space 68608K, 51% used [0x0000000080000000,0x0000000082285820,0x0000000084300000)
 Metaspace       used 50280K, committed 51392K, reserved 1114112K
  class space    used 5756K, committed 6272K, reserved 1048576K
}
Event: 13.658 GC heap before
{Heap before GC invocations=28 (full 2):
 PSYoungGen      total 15360K, used 15347K [0x00000000d5580000, 0x00000000d6a00000, 0x0000000100000000)
  eden space 14336K, 100% used [0x00000000d5580000,0x00000000d6380000,0x00000000d6380000)
  from space 1024K, 98% used [0x00000000d6880000,0x00000000d697cea0,0x00000000d6980000)
  to   space 512K, 0% used [0x00000000d6980000,0x00000000d6980000,0x00000000d6a00000)
 ParOldGen       total 68608K, used 35350K [0x0000000080000000, 0x0000000084300000, 0x00000000d5580000)
  object space 68608K, 51% used [0x0000000080000000,0x0000000082285820,0x0000000084300000)
 Metaspace       used 50479K, committed 51648K, reserved 1114112K
  class space    used 5802K, committed 6336K, reserved 1048576K
}
Event: 13.660 GC heap after
{Heap after GC invocations=28 (full 2):
 PSYoungGen      total 14848K, used 497K [0x00000000d5580000, 0x00000000d6b80000, 0x0000000100000000)
  eden space 14336K, 0% used [0x00000000d5580000,0x00000000d5580000,0x00000000d6380000)
  from space 512K, 97% used [0x00000000d6980000,0x00000000d69fc4d0,0x00000000d6a00000)
  to   space 4096K, 0% used [0x00000000d6380000,0x00000000d6380000,0x00000000d6780000)
 ParOldGen       total 68608K, used 38399K [0x0000000080000000, 0x0000000084300000, 0x00000000d5580000)
  object space 68608K, 55% used [0x0000000080000000,0x000000008257ffa8,0x0000000084300000)
 Metaspace       used 50479K, committed 51648K, reserved 1114112K
  class space    used 5802K, committed 6336K, reserved 1048576K
}
Event: 13.836 GC heap before
{Heap before GC invocations=29 (full 2):
 PSYoungGen      total 14848K, used 14833K [0x00000000d5580000, 0x00000000d6b80000, 0x0000000100000000)
  eden space 14336K, 100% used [0x00000000d5580000,0x00000000d6380000,0x00000000d6380000)
  from space 512K, 97% used [0x00000000d6980000,0x00000000d69fc4d0,0x00000000d6a00000)
  to   space 4096K, 0% used [0x00000000d6380000,0x00000000d6380000,0x00000000d6780000)
 ParOldGen       total 68608K, used 38399K [0x0000000080000000, 0x0000000084300000, 0x00000000d5580000)
  object space 68608K, 55% used [0x0000000080000000,0x000000008257ffa8,0x0000000084300000)
 Metaspace       used 51727K, committed 52928K, reserved 1114112K
  class space    used 6032K, committed 6592K, reserved 1048576K
}
Event: 13.837 GC heap after
{Heap after GC invocations=29 (full 2):
 PSYoungGen      total 18432K, used 752K [0x00000000d5580000, 0x00000000d6a00000, 0x0000000100000000)
  eden space 14336K, 0% used [0x00000000d5580000,0x00000000d5580000,0x00000000d6380000)
  from space 4096K, 18% used [0x00000000d6380000,0x00000000d643c010,0x00000000d6780000)
  to   space 2048K, 0% used [0x00000000d6800000,0x00000000d6800000,0x00000000d6a00000)
 ParOldGen       total 68608K, used 38889K [0x0000000080000000, 0x0000000084300000, 0x00000000d5580000)
  object space 68608K, 56% used [0x0000000080000000,0x00000000825fa530,0x0000000084300000)
 Metaspace       used 51727K, committed 52928K, reserved 1114112K
  class space    used 6032K, committed 6592K, reserved 1048576K
}
Event: 14.012 GC heap before
{Heap before GC invocations=30 (full 2):
 PSYoungGen      total 18432K, used 14992K [0x00000000d5580000, 0x00000000d6a00000, 0x0000000100000000)
  eden space 14336K, 99% used [0x00000000d5580000,0x00000000d63682a0,0x00000000d6380000)
  from space 4096K, 18% used [0x00000000d6380000,0x00000000d643c010,0x00000000d6780000)
  to   space 2048K, 0% used [0x00000000d6800000,0x00000000d6800000,0x00000000d6a00000)
 ParOldGen       total 68608K, used 38889K [0x0000000080000000, 0x0000000084300000, 0x00000000d5580000)
  object space 68608K, 56% used [0x0000000080000000,0x00000000825fa530,0x0000000084300000)
 Metaspace       used 53185K, committed 54528K, reserved 1114112K
  class space    used 6285K, committed 6912K, reserved 1048576K
}
Event: 14.014 GC heap after
{Heap after GC invocations=30 (full 2):
 PSYoungGen      total 15360K, used 832K [0x00000000d5580000, 0x00000000d6900000, 0x0000000100000000)
  eden space 14336K, 0% used [0x00000000d5580000,0x00000000d5580000,0x00000000d6380000)
  from space 1024K, 81% used [0x00000000d6800000,0x00000000d68d0110,0x00000000d6900000)
  to   space 1024K, 0% used [0x00000000d6700000,0x00000000d6700000,0x00000000d6800000)
 ParOldGen       total 68608K, used 39566K [0x0000000080000000, 0x0000000084300000, 0x00000000d5580000)
  object space 68608K, 57% used [0x0000000080000000,0x00000000826a38b8,0x0000000084300000)
 Metaspace       used 53185K, committed 54528K, reserved 1114112K
  class space    used 6285K, committed 6912K, reserved 1048576K
}
Event: 14.213 GC heap before
{Heap before GC invocations=31 (full 2):
 PSYoungGen      total 15360K, used 15168K [0x00000000d5580000, 0x00000000d6900000, 0x0000000100000000)
  eden space 14336K, 100% used [0x00000000d5580000,0x00000000d6380000,0x00000000d6380000)
  from space 1024K, 81% used [0x00000000d6800000,0x00000000d68d0110,0x00000000d6900000)
  to   space 1024K, 0% used [0x00000000d6700000,0x00000000d6700000,0x00000000d6800000)
 ParOldGen       total 68608K, used 39566K [0x0000000080000000, 0x0000000084300000, 0x00000000d5580000)
  object space 68608K, 57% used [0x0000000080000000,0x00000000826a38b8,0x0000000084300000)
 Metaspace       used 54270K, committed 55552K, reserved 1114112K
  class space    used 6397K, committed 6976K, reserved 1048576K
}
Event: 14.216 GC heap after
{Heap after GC invocations=31 (full 2):
 PSYoungGen      total 15360K, used 1017K [0x00000000d5580000, 0x00000000d6c80000, 0x0000000100000000)
  eden space 14336K, 0% used [0x00000000d5580000,0x00000000d5580000,0x00000000d6380000)
  from space 1024K, 99% used [0x00000000d6700000,0x00000000d67fe5d0,0x00000000d6800000)
  to   space 4608K, 0% used [0x00000000d6800000,0x00000000d6800000,0x00000000d6c80000)
 ParOldGen       total 68608K, used 42278K [0x0000000080000000, 0x0000000084300000, 0x00000000d5580000)
  object space 68608K, 61% used [0x0000000080000000,0x00000000829498f8,0x0000000084300000)
 Metaspace       used 54270K, committed 55552K, reserved 1114112K
  class space    used 6397K, committed 6976K, reserved 1048576K
}
Event: 14.435 GC heap before
{Heap before GC invocations=32 (full 2):
 PSYoungGen      total 15360K, used 15353K [0x00000000d5580000, 0x00000000d6c80000, 0x0000000100000000)
  eden space 14336K, 100% used [0x00000000d5580000,0x00000000d6380000,0x00000000d6380000)
  from space 1024K, 99% used [0x00000000d6700000,0x00000000d67fe5d0,0x00000000d6800000)
  to   space 4608K, 0% used [0x00000000d6800000,0x00000000d6800000,0x00000000d6c80000)
 ParOldGen       total 68608K, used 42278K [0x0000000080000000, 0x0000000084300000, 0x00000000d5580000)
  object space 68608K, 61% used [0x0000000080000000,0x00000000829498f8,0x0000000084300000)
 Metaspace       used 55827K, committed 57152K, reserved 1114112K
  class space    used 6574K, committed 7168K, reserved 1048576K
}
Event: 14.437 GC heap after
{Heap after GC invocations=32 (full 2):
 PSYoungGen      total 15360K, used 960K [0x00000000d5580000, 0x00000000d6900000, 0x0000000100000000)
  eden space 14336K, 0% used [0x00000000d5580000,0x00000000d5580000,0x00000000d6380000)
  from space 1024K, 93% used [0x00000000d6800000,0x00000000d68f0010,0x00000000d6900000)
  to   space 2048K, 0% used [0x00000000d6500000,0x00000000d6500000,0x00000000d6700000)
 ParOldGen       total 68608K, used 43139K [0x0000000080000000, 0x0000000084300000, 0x00000000d5580000)
  object space 68608K, 62% used [0x0000000080000000,0x0000000082a20e28,0x0000000084300000)
 Metaspace       used 55827K, committed 57152K, reserved 1114112K
  class space    used 6574K, committed 7168K, reserved 1048576K
}
Event: 15.838 GC heap before
{Heap before GC invocations=33 (full 2):
 PSYoungGen      total 15360K, used 15296K [0x00000000d5580000, 0x00000000d6900000, 0x0000000100000000)
  eden space 14336K, 100% used [0x00000000d5580000,0x00000000d6380000,0x00000000d6380000)
  from space 1024K, 93% used [0x00000000d6800000,0x00000000d68f0010,0x00000000d6900000)
  to   space 2048K, 0% used [0x00000000d6500000,0x00000000d6500000,0x00000000d6700000)
 ParOldGen       total 68608K, used 43139K [0x0000000080000000, 0x0000000084300000, 0x00000000d5580000)
  object space 68608K, 62% used [0x0000000080000000,0x0000000082a20e28,0x0000000084300000)
 Metaspace       used 56516K, committed 57792K, reserved 1114112K
  class space    used 6679K, committed 7296K, reserved 1048576K
}
Event: 15.840 GC heap after
{Heap after GC invocations=33 (full 2):
 PSYoungGen      total 16384K, used 442K [0x00000000d5580000, 0x00000000d6880000, 0x0000000100000000)
  eden space 14336K, 0% used [0x00000000d5580000,0x00000000d5580000,0x00000000d6380000)
  from space 2048K, 21% used [0x00000000d6500000,0x00000000d656eb38,0x00000000d6700000)
  to   space 1024K, 0% used [0x00000000d6780000,0x00000000d6780000,0x00000000d6880000)
 ParOldGen       total 68608K, used 44027K [0x0000000080000000, 0x0000000084300000, 0x00000000d5580000)
  object space 68608K, 64% used [0x0000000080000000,0x0000000082afee38,0x0000000084300000)
 Metaspace       used 56516K, committed 57792K, reserved 1114112K
  class space    used 6679K, committed 7296K, reserved 1048576K
}
Event: 31.145 GC heap before
{Heap before GC invocations=34 (full 2):
 PSYoungGen      total 16384K, used 14778K [0x00000000d5580000, 0x00000000d6880000, 0x0000000100000000)
  eden space 14336K, 100% used [0x00000000d5580000,0x00000000d6380000,0x00000000d6380000)
  from space 2048K, 21% used [0x00000000d6500000,0x00000000d656eb38,0x00000000d6700000)
  to   space 1024K, 0% used [0x00000000d6780000,0x00000000d6780000,0x00000000d6880000)
 ParOldGen       total 68608K, used 44027K [0x0000000080000000, 0x0000000084300000, 0x00000000d5580000)
  object space 68608K, 64% used [0x0000000080000000,0x0000000082afee38,0x0000000084300000)
 Metaspace       used 58147K, committed 59456K, reserved 1114112K
  class space    used 6875K, committed 7488K, reserved 1048576K
}
Event: 31.147 GC heap after
{Heap after GC invocations=34 (full 2):
 PSYoungGen      total 15360K, used 1008K [0x00000000d5580000, 0x00000000d6880000, 0x0000000100000000)
  eden space 14336K, 0% used [0x00000000d5580000,0x00000000d5580000,0x00000000d6380000)
  from space 1024K, 98% used [0x00000000d6780000,0x00000000d687c030,0x00000000d6880000)
  to   space 1536K, 0% used [0x00000000d6580000,0x00000000d6580000,0x00000000d6700000)
 ParOldGen       total 68608K, used 44294K [0x0000000080000000, 0x0000000084300000, 0x00000000d5580000)
  object space 68608K, 64% used [0x0000000080000000,0x0000000082b41970,0x0000000084300000)
 Metaspace       used 58147K, committed 59456K, reserved 1114112K
  class space    used 6875K, committed 7488K, reserved 1048576K
}
Event: 56.295 GC heap before
{Heap before GC invocations=35 (full 2):
 PSYoungGen      total 15360K, used 5233K [0x00000000d5580000, 0x00000000d6880000, 0x0000000100000000)
  eden space 14336K, 29% used [0x00000000d5580000,0x00000000d59a0768,0x00000000d6380000)
  from space 1024K, 98% used [0x00000000d6780000,0x00000000d687c030,0x00000000d6880000)
  to   space 1536K, 0% used [0x00000000d6580000,0x00000000d6580000,0x00000000d6700000)
 ParOldGen       total 68608K, used 44294K [0x0000000080000000, 0x0000000084300000, 0x00000000d5580000)
  object space 68608K, 64% used [0x0000000080000000,0x0000000082b41970,0x0000000084300000)
 Metaspace       used 58545K, committed 59776K, reserved 1114112K
  class space    used 6918K, committed 7488K, reserved 1048576K
}
Event: 56.297 GC heap after
{Heap after GC invocations=35 (full 2):
 PSYoungGen      total 15872K, used 576K [0x00000000d5580000, 0x00000000d6800000, 0x0000000100000000)
  eden space 14336K, 0% used [0x00000000d5580000,0x00000000d5580000,0x00000000d6380000)
  from space 1536K, 37% used [0x00000000d6580000,0x00000000d6610000,0x00000000d6700000)
  to   space 1024K, 0% used [0x00000000d6700000,0x00000000d6700000,0x00000000d6800000)
 ParOldGen       total 68608K, used 44874K [0x0000000080000000, 0x0000000084300000, 0x00000000d5580000)
  object space 68608K, 65% used [0x0000000080000000,0x0000000082bd29d0,0x0000000084300000)
 Metaspace       used 58545K, committed 59776K, reserved 1114112K
  class space    used 6918K, committed 7488K, reserved 1048576K
}
Event: 56.297 GC heap before
{Heap before GC invocations=36 (full 3):
 PSYoungGen      total 15872K, used 576K [0x00000000d5580000, 0x00000000d6800000, 0x0000000100000000)
  eden space 14336K, 0% used [0x00000000d5580000,0x00000000d5580000,0x00000000d6380000)
  from space 1536K, 37% used [0x00000000d6580000,0x00000000d6610000,0x00000000d6700000)
  to   space 1024K, 0% used [0x00000000d6700000,0x00000000d6700000,0x00000000d6800000)
 ParOldGen       total 68608K, used 44874K [0x0000000080000000, 0x0000000084300000, 0x00000000d5580000)
  object space 68608K, 65% used [0x0000000080000000,0x0000000082bd29d0,0x0000000084300000)
 Metaspace       used 58545K, committed 59776K, reserved 1114112K
  class space    used 6918K, committed 7488K, reserved 1048576K
}
Event: 56.363 GC heap after
{Heap after GC invocations=36 (full 3):
 PSYoungGen      total 15872K, used 0K [0x00000000d5580000, 0x00000000d6800000, 0x0000000100000000)
  eden space 14336K, 0% used [0x00000000d5580000,0x00000000d5580000,0x00000000d6380000)
  from space 1536K, 0% used [0x00000000d6580000,0x00000000d6580000,0x00000000d6700000)
  to   space 1024K, 0% used [0x00000000d6700000,0x00000000d6700000,0x00000000d6800000)
 ParOldGen       total 68608K, used 40658K [0x0000000080000000, 0x0000000084300000, 0x00000000d5580000)
  object space 68608K, 59% used [0x0000000080000000,0x00000000827b4a08,0x0000000084300000)
 Metaspace       used 58545K, committed 59776K, reserved 1114112K
  class space    used 6918K, committed 7488K, reserved 1048576K
}

